DEBUG:paramiko.transport:starting thread (client mode): 0x85d4c8b0
DEBUG:paramiko.transport:Local version/idstring: SSH-2.0-paramiko_3.4.0
DEBUG:paramiko.transport:Remote version/idstring: SSH-1.99-Cisco-1.25
INFO:paramiko.transport:Connected (version 1.99, client Cisco-1.25)
DEBUG:paramiko.transport:=== Key exchange possibilities ===
DEBUG:paramiko.transport:kex algos: diffie-hellman-group-exchange-sha1, diffie-hellman-group14-sha1, diffie-hellman-group1-sha1
DEBUG:paramiko.transport:server key: ssh-rsa
DEBUG:paramiko.transport:client encrypt: aes128-cbc, 3des-cbc, aes192-cbc, aes256-cbc
DEBUG:paramiko.transport:server encrypt: aes128-cbc, 3des-cbc, aes192-cbc, aes256-cbc
DEBUG:paramiko.transport:client mac: hmac-sha1, hmac-sha1-96, hmac-md5, hmac-md5-96
DEBUG:paramiko.transport:server mac: hmac-sha1, hmac-sha1-96, hmac-md5, hmac-md5-96
DEBUG:paramiko.transport:client compress: none
DEBUG:paramiko.transport:server compress: none
DEBUG:paramiko.transport:client lang: <none>
DEBUG:paramiko.transport:server lang: <none>
DEBUG:paramiko.transport:kex follows: False
DEBUG:paramiko.transport:=== Key exchange agreements ===
DEBUG:paramiko.transport:Kex: diffie-hellman-group-exchange-sha1
DEBUG:paramiko.transport:HostKey: ssh-rsa
DEBUG:paramiko.transport:Cipher: aes128-cbc
DEBUG:paramiko.transport:MAC: hmac-sha1
DEBUG:paramiko.transport:Compression: none
DEBUG:paramiko.transport:=== End of kex handshake ===
DEBUG:paramiko.transport:Got server p (2048 bits)
DEBUG:paramiko.transport:kex engine KexGex specified hash_algo <built-in function openssl_sha1>
DEBUG:paramiko.transport:Switch to new keys ...
DEBUG:paramiko.transport:Adding ssh-rsa host key for 192.168.20.2: b'daca88e34736e5b22b2f1a455ca9cdb3'
DEBUG:paramiko.transport:userauth is OK
INFO:paramiko.transport:Authentication (password) successful!
DEBUG:paramiko.transport:[chan 0] Max packet in: 32768 bytes
DEBUG:paramiko.transport:[chan 0] Max packet out: 4096 bytes
DEBUG:paramiko.transport:Secsh channel 0 opened.
DEBUG:paramiko.transport:[chan 0] Sesch channel 0 request ok
DEBUG:paramiko.transport:[chan 0] Sesch channel 0 request ok
DEBUG:netmiko:write_channel: b'\n'
DEBUG:netmiko:write_channel: b'terminal width 511\n'
DEBUG:netmiko:read_channel: 
R2>
R2>
DEBUG:netmiko:read_channel: terminal wid
DEBUG:netmiko:read_channel: th 511
R2>
DEBUG:netmiko:Pattern found: (terminal width 511) 
R2>
R2>terminal width 511
DEBUG:netmiko:In disable_paging
DEBUG:netmiko:Command: terminal length 0

DEBUG:netmiko:write_channel: b'terminal length 0\n'
DEBUG:netmiko:read_channel: 
DEBUG:netmiko:read_channel: terminal length 
DEBUG:netmiko:read_channel: 0
R2>
DEBUG:netmiko:Pattern found: (terminal\ length\ 0) 
R2>terminal length 0
DEBUG:netmiko:
R2>terminal length 0
DEBUG:netmiko:Exiting disable_paging
DEBUG:netmiko:read_channel: 
DEBUG:netmiko:Clear buffer detects data in the channel
DEBUG:netmiko:read_channel: 
DEBUG:netmiko:write_channel: b'\n'
DEBUG:netmiko:read_channel: 
DEBUG:netmiko:read_channel: 
R2>
DEBUG:netmiko:
Parenthesis found in pattern.

pattern: (\#|>)


This can be problemtic when used in read_until_pattern().

You should ensure that you use either non-capture groups i.e. '(?:' or that the
parenthesis completely wrap the pattern '(pattern)'
DEBUG:netmiko:Pattern found: (\#|>) 
R2>
DEBUG:netmiko:read_channel: 
DEBUG:netmiko:[find_prompt()]: prompt is R2>
DEBUG:netmiko:write_channel: b'\n'
DEBUG:netmiko:read_channel: 
DEBUG:netmiko:read_channel: 
R2>
DEBUG:netmiko:Pattern found: ([>#]) 
R2>
DEBUG:netmiko:write_channel: b'configure terminal\n'
DEBUG:netmiko:read_channel: 
DEBUG:netmiko:read_channel: configure te
DEBUG:netmiko:read_channel: rminal
      ^
% Invalid input detected at '^' marker.

R2>
DEBUG:netmiko:Pattern found: (configure\ terminal) configure terminal
DEBUG:netmiko:read_channel: 
DEBUG:netmiko:Pattern found: (R2.*) 
      ^
% Invalid input detected at '^' marker.

R2>
DEBUG:netmiko:write_channel: b'\n'
DEBUG:netmiko:read_channel: 
DEBUG:netmiko:read_channel: 
DEBUG:netmiko:read_channel: 
R2>
DEBUG:netmiko:Pattern found: ([>#]) 
R2>
DEBUG:paramiko.transport:starting thread (client mode): 0x271258b0
DEBUG:paramiko.transport:Local version/idstring: SSH-2.0-paramiko_3.4.0
DEBUG:paramiko.transport:Remote version/idstring: SSH-1.99-Cisco-1.25
INFO:paramiko.transport:Connected (version 1.99, client Cisco-1.25)
DEBUG:paramiko.transport:=== Key exchange possibilities ===
DEBUG:paramiko.transport:kex algos: diffie-hellman-group-exchange-sha1, diffie-hellman-group14-sha1, diffie-hellman-group1-sha1
DEBUG:paramiko.transport:server key: ssh-rsa
DEBUG:paramiko.transport:client encrypt: aes128-cbc, 3des-cbc, aes192-cbc, aes256-cbc
DEBUG:paramiko.transport:server encrypt: aes128-cbc, 3des-cbc, aes192-cbc, aes256-cbc
DEBUG:paramiko.transport:client mac: hmac-sha1, hmac-sha1-96, hmac-md5, hmac-md5-96
DEBUG:paramiko.transport:server mac: hmac-sha1, hmac-sha1-96, hmac-md5, hmac-md5-96
DEBUG:paramiko.transport:client compress: none
DEBUG:paramiko.transport:server compress: none
DEBUG:paramiko.transport:client lang: <none>
DEBUG:paramiko.transport:server lang: <none>
DEBUG:paramiko.transport:kex follows: False
DEBUG:paramiko.transport:=== Key exchange agreements ===
DEBUG:paramiko.transport:Kex: diffie-hellman-group-exchange-sha1
DEBUG:paramiko.transport:HostKey: ssh-rsa
DEBUG:paramiko.transport:Cipher: aes128-cbc
DEBUG:paramiko.transport:MAC: hmac-sha1
DEBUG:paramiko.transport:Compression: none
DEBUG:paramiko.transport:=== End of kex handshake ===
DEBUG:paramiko.transport:Got server p (2048 bits)
DEBUG:paramiko.transport:kex engine KexGex specified hash_algo <built-in function openssl_sha1>
DEBUG:paramiko.transport:Switch to new keys ...
DEBUG:paramiko.transport:Adding ssh-rsa host key for 192.168.20.2: b'daca88e34736e5b22b2f1a455ca9cdb3'
DEBUG:paramiko.transport:userauth is OK
INFO:paramiko.transport:Authentication (password) successful!
DEBUG:paramiko.transport:[chan 0] Max packet in: 32768 bytes
DEBUG:paramiko.transport:[chan 0] Max packet out: 4096 bytes
DEBUG:paramiko.transport:Secsh channel 0 opened.
DEBUG:paramiko.transport:[chan 0] Sesch channel 0 request ok
DEBUG:paramiko.transport:[chan 0] Sesch channel 0 request ok
DEBUG:netmiko:write_channel: b'\n'
DEBUG:netmiko:write_channel: b'terminal width 511\n'
DEBUG:netmiko:read_channel: 
R2>
R2>
DEBUG:netmiko:read_channel: terminal
DEBUG:netmiko:read_channel:  width 511
R2>
DEBUG:netmiko:Pattern found: (terminal width 511) 
R2>
R2>terminal width 511
DEBUG:netmiko:In disable_paging
DEBUG:netmiko:Command: terminal length 0

DEBUG:netmiko:write_channel: b'terminal length 0\n'
DEBUG:netmiko:read_channel: 
DEBUG:netmiko:read_channel: terminal length 
DEBUG:netmiko:read_channel: 0
R2>
DEBUG:netmiko:Pattern found: (terminal\ length\ 0) 
R2>terminal length 0
DEBUG:netmiko:
R2>terminal length 0
DEBUG:netmiko:Exiting disable_paging
DEBUG:netmiko:read_channel: 
DEBUG:netmiko:Clear buffer detects data in the channel
DEBUG:netmiko:read_channel: 
DEBUG:netmiko:write_channel: b'\n'
DEBUG:netmiko:read_channel: 
DEBUG:netmiko:read_channel: 
R2>
DEBUG:netmiko:
Parenthesis found in pattern.

pattern: (\#|>)


This can be problemtic when used in read_until_pattern().

You should ensure that you use either non-capture groups i.e. '(?:' or that the
parenthesis completely wrap the pattern '(pattern)'
DEBUG:netmiko:Pattern found: (\#|>) 
R2>
DEBUG:netmiko:read_channel: 
DEBUG:netmiko:[find_prompt()]: prompt is R2>
DEBUG:netmiko:write_channel: b'\n'
DEBUG:netmiko:read_channel: 
DEBUG:netmiko:read_channel: 
R2>
DEBUG:netmiko:Pattern found: ([>#]) 
R2>
DEBUG:netmiko:write_channel: b'configure terminal\n'
DEBUG:netmiko:read_channel: 
DEBUG:netmiko:read_channel: configure termin
DEBUG:netmiko:read_channel: al
      ^
% Invalid input detected at '^' marker.

R2>
DEBUG:netmiko:Pattern found: (configure\ terminal) configure terminal
DEBUG:netmiko:read_channel: 
DEBUG:netmiko:Pattern found: (R2.*) 
      ^
% Invalid input detected at '^' marker.

R2>
DEBUG:netmiko:write_channel: b'\n'
DEBUG:netmiko:read_channel: 
DEBUG:netmiko:read_channel: 
R2>
DEBUG:netmiko:Pattern found: ([>#]) 
R2>
DEBUG:paramiko.transport:starting thread (client mode): 0x9bbec8b0
DEBUG:paramiko.transport:Local version/idstring: SSH-2.0-paramiko_3.4.0
DEBUG:paramiko.transport:Remote version/idstring: SSH-1.99-Cisco-1.25
INFO:paramiko.transport:Connected (version 1.99, client Cisco-1.25)
DEBUG:paramiko.transport:=== Key exchange possibilities ===
DEBUG:paramiko.transport:kex algos: diffie-hellman-group-exchange-sha1, diffie-hellman-group14-sha1, diffie-hellman-group1-sha1
DEBUG:paramiko.transport:server key: ssh-rsa
DEBUG:paramiko.transport:client encrypt: aes128-cbc, 3des-cbc, aes192-cbc, aes256-cbc
DEBUG:paramiko.transport:server encrypt: aes128-cbc, 3des-cbc, aes192-cbc, aes256-cbc
DEBUG:paramiko.transport:client mac: hmac-sha1, hmac-sha1-96, hmac-md5, hmac-md5-96
DEBUG:paramiko.transport:server mac: hmac-sha1, hmac-sha1-96, hmac-md5, hmac-md5-96
DEBUG:paramiko.transport:client compress: none
DEBUG:paramiko.transport:server compress: none
DEBUG:paramiko.transport:client lang: <none>
DEBUG:paramiko.transport:server lang: <none>
DEBUG:paramiko.transport:kex follows: False
DEBUG:paramiko.transport:=== Key exchange agreements ===
DEBUG:paramiko.transport:Kex: diffie-hellman-group-exchange-sha1
DEBUG:paramiko.transport:HostKey: ssh-rsa
DEBUG:paramiko.transport:Cipher: aes128-cbc
DEBUG:paramiko.transport:MAC: hmac-sha1
DEBUG:paramiko.transport:Compression: none
DEBUG:paramiko.transport:=== End of kex handshake ===
DEBUG:paramiko.transport:Got server p (2048 bits)
DEBUG:paramiko.transport:kex engine KexGex specified hash_algo <built-in function openssl_sha1>
DEBUG:paramiko.transport:Switch to new keys ...
DEBUG:paramiko.transport:Adding ssh-rsa host key for 192.168.20.2: b'daca88e34736e5b22b2f1a455ca9cdb3'
DEBUG:paramiko.transport:userauth is OK
INFO:paramiko.transport:Authentication (password) successful!
DEBUG:paramiko.transport:[chan 0] Max packet in: 32768 bytes
DEBUG:paramiko.transport:[chan 0] Max packet out: 4096 bytes
DEBUG:paramiko.transport:Secsh channel 0 opened.
DEBUG:paramiko.transport:[chan 0] Sesch channel 0 request ok
DEBUG:paramiko.transport:[chan 0] Sesch channel 0 request ok
DEBUG:netmiko:write_channel: b'\n'
DEBUG:netmiko:write_channel: b'terminal width 511\n'
DEBUG:netmiko:read_channel: 
R2>
R2>
DEBUG:netmiko:read_channel: terminal 
DEBUG:netmiko:read_channel: width 511
R2>
DEBUG:netmiko:Pattern found: (terminal width 511) 
R2>
R2>terminal width 511
DEBUG:netmiko:In disable_paging
DEBUG:netmiko:Command: terminal length 0

DEBUG:netmiko:write_channel: b'terminal length 0\n'
DEBUG:netmiko:read_channel: 
DEBUG:netmiko:read_channel: terminal length 
DEBUG:netmiko:read_channel: 0
R2>
DEBUG:netmiko:Pattern found: (terminal\ length\ 0) 
R2>terminal length 0
DEBUG:netmiko:
R2>terminal length 0
DEBUG:netmiko:Exiting disable_paging
DEBUG:netmiko:read_channel: 
DEBUG:netmiko:Clear buffer detects data in the channel
DEBUG:netmiko:read_channel: 
DEBUG:netmiko:write_channel: b'\n'
DEBUG:netmiko:read_channel: 
DEBUG:netmiko:read_channel: 
R2>
DEBUG:netmiko:
Parenthesis found in pattern.

pattern: (\#|>)


This can be problemtic when used in read_until_pattern().

You should ensure that you use either non-capture groups i.e. '(?:' or that the
parenthesis completely wrap the pattern '(pattern)'
DEBUG:netmiko:Pattern found: (\#|>) 
R2>
DEBUG:netmiko:read_channel: 
DEBUG:netmiko:[find_prompt()]: prompt is R2>
DEBUG:netmiko:write_channel: b'\n'
DEBUG:netmiko:read_channel: 
DEBUG:netmiko:read_channel: 
R2>
DEBUG:netmiko:Pattern found: (R2.*) 
R2>
DEBUG:netmiko:write_channel: b'enable\n'
DEBUG:netmiko:read_channel: 
DEBUG:netmiko:read_channel: enable
Password: 
DEBUG:netmiko:Pattern found: (enable) enable
DEBUG:netmiko:read_channel: 
DEBUG:netmiko:Pattern found: ((?:R2|ssword)) 
Password
DEBUG:netmiko:write_channel: b'\n'
DEBUG:netmiko:read_channel: 
DEBUG:netmiko:read_channel: 
Password: 
DEBUG:netmiko:read_channel: 
DEBUG:netmiko:read_channel: 
DEBUG:netmiko:read_channel: 
DEBUG:netmiko:read_channel: 
DEBUG:paramiko.transport:starting thread (client mode): 0x5ce13880
DEBUG:paramiko.transport:Local version/idstring: SSH-2.0-paramiko_3.4.0
DEBUG:paramiko.transport:Remote version/idstring: SSH-1.99-Cisco-1.25
INFO:paramiko.transport:Connected (version 1.99, client Cisco-1.25)
DEBUG:paramiko.transport:=== Key exchange possibilities ===
DEBUG:paramiko.transport:kex algos: diffie-hellman-group-exchange-sha1, diffie-hellman-group14-sha1, diffie-hellman-group1-sha1
DEBUG:paramiko.transport:server key: ssh-rsa
DEBUG:paramiko.transport:client encrypt: aes128-cbc, 3des-cbc, aes192-cbc, aes256-cbc
DEBUG:paramiko.transport:server encrypt: aes128-cbc, 3des-cbc, aes192-cbc, aes256-cbc
DEBUG:paramiko.transport:client mac: hmac-sha1, hmac-sha1-96, hmac-md5, hmac-md5-96
DEBUG:paramiko.transport:server mac: hmac-sha1, hmac-sha1-96, hmac-md5, hmac-md5-96
DEBUG:paramiko.transport:client compress: none
DEBUG:paramiko.transport:server compress: none
DEBUG:paramiko.transport:client lang: <none>
DEBUG:paramiko.transport:server lang: <none>
DEBUG:paramiko.transport:kex follows: False
DEBUG:paramiko.transport:=== Key exchange agreements ===
DEBUG:paramiko.transport:Kex: diffie-hellman-group-exchange-sha1
DEBUG:paramiko.transport:HostKey: ssh-rsa
DEBUG:paramiko.transport:Cipher: aes128-cbc
DEBUG:paramiko.transport:MAC: hmac-sha1
DEBUG:paramiko.transport:Compression: none
DEBUG:paramiko.transport:=== End of kex handshake ===
DEBUG:paramiko.transport:Got server p (2048 bits)
DEBUG:paramiko.transport:kex engine KexGex specified hash_algo <built-in function openssl_sha1>
DEBUG:paramiko.transport:Switch to new keys ...
DEBUG:paramiko.transport:Adding ssh-rsa host key for 192.168.20.2: b'daca88e34736e5b22b2f1a455ca9cdb3'
DEBUG:paramiko.transport:userauth is OK
INFO:paramiko.transport:Authentication (password) successful!
DEBUG:paramiko.transport:[chan 0] Max packet in: 32768 bytes
DEBUG:paramiko.transport:[chan 0] Max packet out: 4096 bytes
DEBUG:paramiko.transport:Secsh channel 0 opened.
DEBUG:paramiko.transport:[chan 0] Sesch channel 0 request ok
DEBUG:paramiko.transport:[chan 0] Sesch channel 0 request ok
DEBUG:netmiko:write_channel: b'\n'
DEBUG:netmiko:write_channel: b'terminal width 511\n'
DEBUG:netmiko:read_channel: 
R2>
R2>
DEBUG:netmiko:read_channel: term
DEBUG:netmiko:read_channel: inal width 511
R2>
DEBUG:netmiko:Pattern found: (terminal width 511) 
R2>
R2>terminal width 511
DEBUG:netmiko:In disable_paging
DEBUG:netmiko:Command: terminal length 0

DEBUG:netmiko:write_channel: b'terminal length 0\n'
DEBUG:netmiko:read_channel: 
DEBUG:netmiko:read_channel: terminal length 
DEBUG:netmiko:read_channel: 0
R2>
DEBUG:netmiko:Pattern found: (terminal\ length\ 0) 
R2>terminal length 0
DEBUG:netmiko:
R2>terminal length 0
DEBUG:netmiko:Exiting disable_paging
DEBUG:netmiko:read_channel: 
DEBUG:netmiko:Clear buffer detects data in the channel
DEBUG:netmiko:read_channel: 
DEBUG:netmiko:write_channel: b'\n'
DEBUG:netmiko:read_channel: 
DEBUG:netmiko:read_channel: 
R2>
DEBUG:netmiko:
Parenthesis found in pattern.

pattern: (\#|>)


This can be problemtic when used in read_until_pattern().

You should ensure that you use either non-capture groups i.e. '(?:' or that the
parenthesis completely wrap the pattern '(pattern)'
DEBUG:netmiko:Pattern found: (\#|>) 
R2>
DEBUG:netmiko:read_channel: 
DEBUG:netmiko:[find_prompt()]: prompt is R2>
DEBUG:netmiko:write_channel: b'\n'
DEBUG:netmiko:read_channel: 
DEBUG:netmiko:read_channel: 
R2>
DEBUG:netmiko:Pattern found: (R2.*) 
R2>
DEBUG:netmiko:write_channel: b'enable\n'
DEBUG:netmiko:read_channel: 
DEBUG:netmiko:read_channel: enable
Password: 
DEBUG:netmiko:Pattern found: (enable) enable
DEBUG:netmiko:read_channel: 
DEBUG:netmiko:Pattern found: ((?:R2|ssword)) 
Password
DEBUG:netmiko:write_channel: b'********\n'
DEBUG:netmiko:read_channel: 
DEBUG:netmiko:read_channel: 
R2#
DEBUG:netmiko:Pattern found: (R2) : 
R2
DEBUG:netmiko:write_channel: b'\n'
DEBUG:netmiko:read_channel: 
DEBUG:netmiko:read_channel: 
R2#
DEBUG:netmiko:Pattern found: (R2.*) #
R2#
DEBUG:netmiko:write_channel: b'\n'
DEBUG:netmiko:read_channel: 
DEBUG:netmiko:read_channel: 
R2#
DEBUG:netmiko:Pattern found: ([>#]) 
R2#
DEBUG:netmiko:write_channel: b'configure terminal\n'
DEBUG:netmiko:read_channel: 
DEBUG:netmiko:read_channel: 
DEBUG:netmiko:read_channel: configure termin
DEBUG:netmiko:read_channel: al
Enter configuration commands, one per line.  End with CNTL/Z.
R2(config)#
DEBUG:netmiko:Pattern found: (configure\ terminal) configure terminal
DEBUG:netmiko:read_channel: 
DEBUG:netmiko:Pattern found: (R2.*) 
Enter configuration commands, one per line.  End with CNTL/Z.
R2(config)#
DEBUG:netmiko:write_channel: b'\n'
DEBUG:netmiko:read_channel: 
DEBUG:netmiko:read_channel: 
R2(config)#
DEBUG:netmiko:Pattern found: ([>#]) 
R2(config)#
DEBUG:netmiko:write_channel: b'router ospf 1\n'
DEBUG:netmiko:read_channel: 
DEBUG:netmiko:read_channel: router ospf 1

DEBUG:netmiko:Pattern found: (router\ ospf\ 1) router ospf 1
DEBUG:netmiko:read_channel: 
DEBUG:netmiko:read_channel: 
DEBUG:netmiko:read_channel: 
DEBUG:netmiko:read_channel: R2(config-router)#
DEBUG:netmiko:Pattern found: ((?:R2.*$|#.*$)) 
R2(config-router)#
DEBUG:netmiko:write_channel: b'network 10.0.0.0 0.0.0.255 area 0\n'
DEBUG:netmiko:read_channel: 
DEBUG:netmiko:read_channel: network 10.0.0.0
DEBUG:netmiko:read_channel:  0.0.0.255 area 
DEBUG:netmiko:read_channel: 0
R2(config-router)#
DEBUG:netmiko:Pattern found: (network\ 10\.0\.0\.0\ 0\.0\.0\.255\ area\ 0) network 10.0.0.0 0.0.0.255 area 0
DEBUG:netmiko:read_channel: 
DEBUG:netmiko:Pattern found: ((?:R2.*$|#.*$)) 
R2(config-router)#
DEBUG:netmiko:write_channel: b'\n'
DEBUG:netmiko:read_channel: 
DEBUG:netmiko:read_channel: 
R2(config-router)#
DEBUG:netmiko:Pattern found: ([>#]) 
R2(config-router)#
DEBUG:netmiko:write_channel: b'end\n'
DEBUG:netmiko:read_channel: 
DEBUG:netmiko:read_channel: end
R2#
DEBUG:netmiko:Pattern found: (end) end
DEBUG:netmiko:read_channel: 
DEBUG:netmiko:Pattern found: (#.*) 
R2#
DEBUG:netmiko:write_channel: b'\n'
DEBUG:netmiko:read_channel: 
DEBUG:netmiko:read_channel: 
R2#
DEBUG:netmiko:Pattern found: ([>#]) 
R2#
DEBUG:netmiko:exit_config_mode: end
R2#
DEBUG:netmiko:configure terminal
Enter configuration commands, one per line.  End with CNTL/Z.
R2(config)#router ospf 1
R2(config-router)#network 10.0.0.0 0.0.0.255 area 0
R2(config-router)#end
R2#
DEBUG:paramiko.transport:starting thread (client mode): 0x5c5dd040
DEBUG:paramiko.transport:Local version/idstring: SSH-2.0-paramiko_3.4.0
DEBUG:paramiko.transport:Remote version/idstring: SSH-1.99-Cisco-1.25
INFO:paramiko.transport:Connected (version 1.99, client Cisco-1.25)
DEBUG:paramiko.transport:=== Key exchange possibilities ===
DEBUG:paramiko.transport:kex algos: diffie-hellman-group-exchange-sha1, diffie-hellman-group14-sha1, diffie-hellman-group1-sha1
DEBUG:paramiko.transport:server key: ssh-rsa
DEBUG:paramiko.transport:client encrypt: aes128-cbc, 3des-cbc, aes192-cbc, aes256-cbc
DEBUG:paramiko.transport:server encrypt: aes128-cbc, 3des-cbc, aes192-cbc, aes256-cbc
DEBUG:paramiko.transport:client mac: hmac-sha1, hmac-sha1-96, hmac-md5, hmac-md5-96
DEBUG:paramiko.transport:server mac: hmac-sha1, hmac-sha1-96, hmac-md5, hmac-md5-96
DEBUG:paramiko.transport:client compress: none
DEBUG:paramiko.transport:server compress: none
DEBUG:paramiko.transport:client lang: <none>
DEBUG:paramiko.transport:server lang: <none>
DEBUG:paramiko.transport:kex follows: False
DEBUG:paramiko.transport:=== Key exchange agreements ===
DEBUG:paramiko.transport:Kex: diffie-hellman-group-exchange-sha1
DEBUG:paramiko.transport:HostKey: ssh-rsa
DEBUG:paramiko.transport:Cipher: aes128-cbc
DEBUG:paramiko.transport:MAC: hmac-sha1
DEBUG:paramiko.transport:Compression: none
DEBUG:paramiko.transport:=== End of kex handshake ===
DEBUG:paramiko.transport:Got server p (2048 bits)
DEBUG:paramiko.transport:kex engine KexGex specified hash_algo <built-in function openssl_sha1>
DEBUG:paramiko.transport:Switch to new keys ...
DEBUG:paramiko.transport:Adding ssh-rsa host key for 192.168.20.3: b'91b996e201b4c2b76e5bb393f8b207fe'
DEBUG:paramiko.transport:userauth is OK
INFO:paramiko.transport:Authentication (password) successful!
DEBUG:paramiko.transport:[chan 0] Max packet in: 32768 bytes
DEBUG:paramiko.transport:[chan 0] Max packet out: 4096 bytes
DEBUG:paramiko.transport:Secsh channel 0 opened.
DEBUG:paramiko.transport:[chan 0] Sesch channel 0 request ok
DEBUG:paramiko.transport:[chan 0] Sesch channel 0 request ok
DEBUG:netmiko:write_channel: b'\n'
DEBUG:netmiko:write_channel: b'terminal width 511\n'
DEBUG:netmiko:read_channel: R1>
R1>
DEBUG:netmiko:read_channel: terminal wid
DEBUG:netmiko:read_channel: th 511
R1>
DEBUG:netmiko:Pattern found: (terminal width 511) R1>
R1>terminal width 511
DEBUG:netmiko:In disable_paging
DEBUG:netmiko:Command: terminal length 0

DEBUG:netmiko:write_channel: b'terminal length 0\n'
DEBUG:netmiko:read_channel: 
DEBUG:netmiko:read_channel: terminal length 
DEBUG:netmiko:read_channel: 0
R1>
DEBUG:netmiko:Pattern found: (terminal\ length\ 0) 
R1>terminal length 0
DEBUG:netmiko:
R1>terminal length 0
DEBUG:netmiko:Exiting disable_paging
DEBUG:netmiko:read_channel: 
DEBUG:netmiko:Clear buffer detects data in the channel
DEBUG:netmiko:read_channel: 
DEBUG:netmiko:write_channel: b'\n'
DEBUG:netmiko:read_channel: 
DEBUG:netmiko:read_channel: 
R1>
DEBUG:netmiko:
Parenthesis found in pattern.

pattern: (\#|>)


This can be problemtic when used in read_until_pattern().

You should ensure that you use either non-capture groups i.e. '(?:' or that the
parenthesis completely wrap the pattern '(pattern)'
DEBUG:netmiko:Pattern found: (\#|>) 
R1>
DEBUG:netmiko:read_channel: 
DEBUG:netmiko:[find_prompt()]: prompt is R1>
DEBUG:netmiko:write_channel: b'\n'
DEBUG:netmiko:read_channel: 
DEBUG:netmiko:read_channel: 
R1>
DEBUG:netmiko:Pattern found: (R1.*) 
R1>
DEBUG:netmiko:write_channel: b'enable\n'
DEBUG:netmiko:read_channel: 
DEBUG:netmiko:read_channel: enable
Password: 
DEBUG:netmiko:Pattern found: (enable) enable
DEBUG:netmiko:read_channel: 
DEBUG:netmiko:Pattern found: ((?:R1|ssword)) 
Password
DEBUG:netmiko:write_channel: b'********\n'
DEBUG:netmiko:read_channel: 
DEBUG:netmiko:read_channel: 
R1#
DEBUG:netmiko:Pattern found: (R1) : 
R1
DEBUG:netmiko:write_channel: b'\n'
DEBUG:netmiko:read_channel: 
DEBUG:netmiko:read_channel: 
R1#
DEBUG:netmiko:Pattern found: (R1.*) #
R1#
DEBUG:netmiko:write_channel: b'\n'
DEBUG:netmiko:read_channel: 
DEBUG:netmiko:read_channel: 
R1#
DEBUG:netmiko:Pattern found: ([>#]) 
R1#
DEBUG:netmiko:write_channel: b'configure terminal\n'
DEBUG:netmiko:read_channel: 
DEBUG:netmiko:read_channel: configure termin
DEBUG:netmiko:read_channel: al
Enter configuration commands, one per line.  End with CNTL/Z.
R1(config)#
DEBUG:netmiko:Pattern found: (configure\ terminal) configure terminal
DEBUG:netmiko:read_channel: 
DEBUG:netmiko:Pattern found: (R1.*) 
Enter configuration commands, one per line.  End with CNTL/Z.
R1(config)#
DEBUG:netmiko:write_channel: b'\n'
DEBUG:netmiko:read_channel: 
DEBUG:netmiko:read_channel: 
DEBUG:netmiko:read_channel: 
R1(config)#
DEBUG:netmiko:Pattern found: ([>#]) 
R1(config)#
DEBUG:netmiko:write_channel: b'router ospf 1\n'
DEBUG:netmiko:read_channel: 
DEBUG:netmiko:read_channel: 
DEBUG:netmiko:read_channel: router ospf 1

DEBUG:netmiko:Pattern found: (router\ ospf\ 1) router ospf 1
DEBUG:netmiko:read_channel: 
DEBUG:netmiko:read_channel: 
DEBUG:netmiko:read_channel: 
DEBUG:netmiko:read_channel: 
DEBUG:netmiko:read_channel: 
DEBUG:netmiko:read_channel: R1(config-router)#
DEBUG:netmiko:Pattern found: ((?:R1.*$|#.*$)) 
R1(config-router)#
DEBUG:netmiko:write_channel: b'network 10.0.0.0 0.0.0.255 area 0\n'
DEBUG:netmiko:read_channel: 
DEBUG:netmiko:read_channel: network 10.0.0.0
DEBUG:netmiko:read_channel:  0.0.0.255 area 
DEBUG:netmiko:read_channel: 0
R1(config-router)#
DEBUG:netmiko:Pattern found: (network\ 10\.0\.0\.0\ 0\.0\.0\.255\ area\ 0) network 10.0.0.0 0.0.0.255 area 0
DEBUG:netmiko:read_channel: 
DEBUG:netmiko:Pattern found: ((?:R1.*$|#.*$)) 
R1(config-router)#
DEBUG:netmiko:write_channel: b'\n'
DEBUG:netmiko:read_channel: 
DEBUG:netmiko:read_channel: 
R1(config-router)#
DEBUG:netmiko:Pattern found: ([>#]) 
R1(config-router)#
DEBUG:netmiko:write_channel: b'end\n'
DEBUG:netmiko:read_channel: 
DEBUG:netmiko:read_channel: 
DEBUG:netmiko:read_channel: end

DEBUG:netmiko:Pattern found: (end) end
DEBUG:netmiko:read_channel: 
DEBUG:netmiko:read_channel: R1#
DEBUG:netmiko:Pattern found: (#.*) 
R1#
DEBUG:netmiko:write_channel: b'\n'
DEBUG:netmiko:read_channel: 
DEBUG:netmiko:read_channel: 
R1#
DEBUG:netmiko:Pattern found: ([>#]) 
R1#
DEBUG:netmiko:exit_config_mode: end
R1#
DEBUG:netmiko:configure terminal
Enter configuration commands, one per line.  End with CNTL/Z.
R1(config)#router ospf 1
R1(config-router)#network 10.0.0.0 0.0.0.255 area 0
R1(config-router)#end
R1#
DEBUG:netmiko:write_channel: b'\n'
DEBUG:netmiko:read_channel: 
DEBUG:netmiko:read_channel: 

DEBUG:netmiko:read_channel: R1#
DEBUG:netmiko:Pattern found: ([>#]) 
R1#
DEBUG:netmiko:write_channel: b'exit\n'
