DEBUG:paramiko.transport:starting thread (client mode): 0x51044880
DEBUG:paramiko.transport:Local version/idstring: SSH-2.0-paramiko_3.4.0
DEBUG:paramiko.transport:Remote version/idstring: SSH-1.99-Cisco-1.25
INFO:paramiko.transport:Connected (version 1.99, client Cisco-1.25)
DEBUG:paramiko.transport:=== Key exchange possibilities ===
DEBUG:paramiko.transport:kex algos: diffie-hellman-group-exchange-sha1, diffie-hellman-group14-sha1, diffie-hellman-group1-sha1
DEBUG:paramiko.transport:server key: ssh-rsa
DEBUG:paramiko.transport:client encrypt: aes128-cbc, 3des-cbc, aes192-cbc, aes256-cbc
DEBUG:paramiko.transport:server encrypt: aes128-cbc, 3des-cbc, aes192-cbc, aes256-cbc
DEBUG:paramiko.transport:client mac: hmac-sha1, hmac-sha1-96, hmac-md5, hmac-md5-96
DEBUG:paramiko.transport:server mac: hmac-sha1, hmac-sha1-96, hmac-md5, hmac-md5-96
DEBUG:paramiko.transport:client compress: none
DEBUG:paramiko.transport:server compress: none
DEBUG:paramiko.transport:client lang: <none>
DEBUG:paramiko.transport:server lang: <none>
DEBUG:paramiko.transport:kex follows: False
DEBUG:paramiko.transport:=== Key exchange agreements ===
DEBUG:paramiko.transport:Kex: diffie-hellman-group-exchange-sha1
DEBUG:paramiko.transport:HostKey: ssh-rsa
DEBUG:paramiko.transport:Cipher: aes128-cbc
DEBUG:paramiko.transport:MAC: hmac-sha1
DEBUG:paramiko.transport:Compression: none
DEBUG:paramiko.transport:=== End of kex handshake ===
DEBUG:paramiko.transport:Got server p (2048 bits)
DEBUG:paramiko.transport:kex engine KexGex specified hash_algo <built-in function openssl_sha1>
DEBUG:paramiko.transport:Switch to new keys ...
DEBUG:paramiko.transport:Adding ssh-rsa host key for 192.168.20.2: b'daca88e34736e5b22b2f1a455ca9cdb3'
DEBUG:paramiko.transport:userauth is OK
INFO:paramiko.transport:Authentication (password) failed.
DEBUG:paramiko.transport:starting thread (client mode): 0x51061df0
DEBUG:paramiko.transport:Local version/idstring: SSH-2.0-paramiko_3.4.0
DEBUG:paramiko.transport:Remote version/idstring: SSH-1.99-Cisco-1.25
INFO:paramiko.transport:Connected (version 1.99, client Cisco-1.25)
DEBUG:paramiko.transport:=== Key exchange possibilities ===
DEBUG:paramiko.transport:kex algos: diffie-hellman-group-exchange-sha1, diffie-hellman-group14-sha1, diffie-hellman-group1-sha1
DEBUG:paramiko.transport:server key: ssh-rsa
DEBUG:paramiko.transport:client encrypt: aes128-cbc, 3des-cbc, aes192-cbc, aes256-cbc
DEBUG:paramiko.transport:server encrypt: aes128-cbc, 3des-cbc, aes192-cbc, aes256-cbc
DEBUG:paramiko.transport:client mac: hmac-sha1, hmac-sha1-96, hmac-md5, hmac-md5-96
DEBUG:paramiko.transport:server mac: hmac-sha1, hmac-sha1-96, hmac-md5, hmac-md5-96
DEBUG:paramiko.transport:client compress: none
DEBUG:paramiko.transport:server compress: none
DEBUG:paramiko.transport:client lang: <none>
DEBUG:paramiko.transport:server lang: <none>
DEBUG:paramiko.transport:kex follows: False
DEBUG:paramiko.transport:=== Key exchange agreements ===
DEBUG:paramiko.transport:Kex: diffie-hellman-group-exchange-sha1
DEBUG:paramiko.transport:HostKey: ssh-rsa
DEBUG:paramiko.transport:Cipher: aes128-cbc
DEBUG:paramiko.transport:MAC: hmac-sha1
DEBUG:paramiko.transport:Compression: none
DEBUG:paramiko.transport:=== End of kex handshake ===
DEBUG:paramiko.transport:Got server p (2048 bits)
DEBUG:paramiko.transport:EOF in transport thread
DEBUG:paramiko.transport:kex engine KexGex specified hash_algo <built-in function openssl_sha1>
DEBUG:paramiko.transport:Switch to new keys ...
DEBUG:paramiko.transport:Adding ssh-rsa host key for 192.168.20.3: b'91b996e201b4c2b76e5bb393f8b207fe'
DEBUG:paramiko.transport:userauth is OK
INFO:paramiko.transport:Authentication (password) failed.
DEBUG:paramiko.transport:starting thread (client mode): 0x8102d8b0
DEBUG:paramiko.transport:Local version/idstring: SSH-2.0-paramiko_3.4.0
DEBUG:paramiko.transport:Remote version/idstring: SSH-1.99-Cisco-1.25
INFO:paramiko.transport:Connected (version 1.99, client Cisco-1.25)
DEBUG:paramiko.transport:=== Key exchange possibilities ===
DEBUG:paramiko.transport:kex algos: diffie-hellman-group-exchange-sha1, diffie-hellman-group14-sha1, diffie-hellman-group1-sha1
DEBUG:paramiko.transport:server key: ssh-rsa
DEBUG:paramiko.transport:client encrypt: aes128-cbc, 3des-cbc, aes192-cbc, aes256-cbc
DEBUG:paramiko.transport:server encrypt: aes128-cbc, 3des-cbc, aes192-cbc, aes256-cbc
DEBUG:paramiko.transport:client mac: hmac-sha1, hmac-sha1-96, hmac-md5, hmac-md5-96
DEBUG:paramiko.transport:server mac: hmac-sha1, hmac-sha1-96, hmac-md5, hmac-md5-96
DEBUG:paramiko.transport:client compress: none
DEBUG:paramiko.transport:server compress: none
DEBUG:paramiko.transport:client lang: <none>
DEBUG:paramiko.transport:server lang: <none>
DEBUG:paramiko.transport:kex follows: False
DEBUG:paramiko.transport:=== Key exchange agreements ===
DEBUG:paramiko.transport:Kex: diffie-hellman-group-exchange-sha1
DEBUG:paramiko.transport:HostKey: ssh-rsa
DEBUG:paramiko.transport:Cipher: aes128-cbc
DEBUG:paramiko.transport:MAC: hmac-sha1
DEBUG:paramiko.transport:Compression: none
DEBUG:paramiko.transport:=== End of kex handshake ===
DEBUG:paramiko.transport:Got server p (2048 bits)
DEBUG:paramiko.transport:kex engine KexGex specified hash_algo <built-in function openssl_sha1>
DEBUG:paramiko.transport:Switch to new keys ...
DEBUG:paramiko.transport:Adding ssh-rsa host key for 192.168.20.3: b'91b996e201b4c2b76e5bb393f8b207fe'
DEBUG:paramiko.transport:userauth is OK
INFO:paramiko.transport:Authentication (password) failed.
DEBUG:paramiko.transport:starting thread (client mode): 0x9dc19cd0
DEBUG:paramiko.transport:Local version/idstring: SSH-2.0-paramiko_3.4.0
DEBUG:paramiko.transport:Remote version/idstring: SSH-1.99-Cisco-1.25
INFO:paramiko.transport:Connected (version 1.99, client Cisco-1.25)
DEBUG:paramiko.transport:=== Key exchange possibilities ===
DEBUG:paramiko.transport:kex algos: diffie-hellman-group-exchange-sha1, diffie-hellman-group14-sha1, diffie-hellman-group1-sha1
DEBUG:paramiko.transport:server key: ssh-rsa
DEBUG:paramiko.transport:client encrypt: aes128-cbc, 3des-cbc, aes192-cbc, aes256-cbc
DEBUG:paramiko.transport:server encrypt: aes128-cbc, 3des-cbc, aes192-cbc, aes256-cbc
DEBUG:paramiko.transport:client mac: hmac-sha1, hmac-sha1-96, hmac-md5, hmac-md5-96
DEBUG:paramiko.transport:server mac: hmac-sha1, hmac-sha1-96, hmac-md5, hmac-md5-96
DEBUG:paramiko.transport:client compress: none
DEBUG:paramiko.transport:server compress: none
DEBUG:paramiko.transport:client lang: <none>
DEBUG:paramiko.transport:server lang: <none>
DEBUG:paramiko.transport:kex follows: False
DEBUG:paramiko.transport:=== Key exchange agreements ===
DEBUG:paramiko.transport:Kex: diffie-hellman-group-exchange-sha1
DEBUG:paramiko.transport:HostKey: ssh-rsa
DEBUG:paramiko.transport:Cipher: aes128-cbc
DEBUG:paramiko.transport:MAC: hmac-sha1
DEBUG:paramiko.transport:Compression: none
DEBUG:paramiko.transport:=== End of kex handshake ===
DEBUG:paramiko.transport:Got server p (2048 bits)
DEBUG:paramiko.transport:kex engine KexGex specified hash_algo <built-in function openssl_sha1>
DEBUG:paramiko.transport:Switch to new keys ...
DEBUG:paramiko.transport:Adding ssh-rsa host key for 192.168.20.3: b'91b996e201b4c2b76e5bb393f8b207fe'
DEBUG:paramiko.transport:userauth is OK
INFO:paramiko.transport:Authentication (password) failed.
